<?xml version="1.0" encoding="UTF-8"?>
<!-- Generated by org.testng.reporters.JUnitXMLReporter -->
<testsuite hostname="LAPTOP-SG3OI6V4" ignored="0" name="Default test" tests="5" failures="0" timestamp="24 Aug 2021 05:52:12 GMT" time="11.28" errors="0">
  <testcase name="homepage" time="1.18" classname="madision.Runner"/>
  <testcase name="signUp" time="0.003" classname="madision.Runner"/>
  <testcase name="loginValid" time="2.095" classname="madision.Runner"/>
  <testcase name="loginInvalid" time="1.025" classname="madision.Runner"/>
  <testcase name="forgotPass" time="0.626" classname="madision.Runner"/>
</testsuite> <!-- Default test -->
