<?xml version="1.0" encoding="UTF-8"?>
<testng-results skipped="0" failed="0" ignored="0" total="5" passed="5">
  <reporter-output>
  </reporter-output>
  <suite name="Default suite" duration-ms="11280" started-at="2021-08-24T05:52:01Z" finished-at="2021-08-24T05:52:12Z">
    <groups>
    </groups>
    <test name="Default test" duration-ms="11280" started-at="2021-08-24T05:52:01Z" finished-at="2021-08-24T05:52:12Z">
      <class name="madision.Runner">
        <test-method status="PASS" signature="beforeTest()[pri:0, instance:madision.Runner@754ba872]" name="beforeTest" is-config="true" duration-ms="2271" started-at="2021-08-24T05:52:01Z" finished-at="2021-08-24T05:52:03Z">
          <reporter-output>
          </reporter-output>
        </test-method> <!-- beforeTest -->
        <test-method status="PASS" signature="bm()[pri:0, instance:madision.Runner@754ba872]" name="bm" is-config="true" duration-ms="43" started-at="2021-08-24T05:52:03Z" finished-at="2021-08-24T05:52:03Z">
          <reporter-output>
          </reporter-output>
        </test-method> <!-- bm -->
        <test-method status="PASS" signature="homepage()[pri:0, instance:madision.Runner@754ba872]" name="homepage" duration-ms="1180" started-at="2021-08-24T05:52:03Z" finished-at="2021-08-24T05:52:04Z">
          <reporter-output>
          </reporter-output>
        </test-method> <!-- homepage -->
        <test-method status="PASS" signature="bm()[pri:0, instance:madision.Runner@754ba872]" name="bm" is-config="true" duration-ms="280" started-at="2021-08-24T05:52:04Z" finished-at="2021-08-24T05:52:05Z">
          <reporter-output>
          </reporter-output>
        </test-method> <!-- bm -->
        <test-method status="PASS" signature="signUp()[pri:1, instance:madision.Runner@754ba872]" name="signUp" duration-ms="3" started-at="2021-08-24T05:52:05Z" depends-on-methods="madision.Runner.homepage" finished-at="2021-08-24T05:52:05Z">
          <reporter-output>
          </reporter-output>
        </test-method> <!-- signUp -->
        <test-method status="PASS" signature="bm()[pri:0, instance:madision.Runner@754ba872]" name="bm" is-config="true" duration-ms="360" started-at="2021-08-24T05:52:05Z" finished-at="2021-08-24T05:52:05Z">
          <reporter-output>
          </reporter-output>
        </test-method> <!-- bm -->
        <test-method status="PASS" signature="loginValid()[pri:2, instance:madision.Runner@754ba872]" name="loginValid" duration-ms="2095" started-at="2021-08-24T05:52:05Z" finished-at="2021-08-24T05:52:07Z">
          <reporter-output>
          </reporter-output>
        </test-method> <!-- loginValid -->
        <test-method status="PASS" signature="bm()[pri:0, instance:madision.Runner@754ba872]" name="bm" is-config="true" duration-ms="374" started-at="2021-08-24T05:52:07Z" finished-at="2021-08-24T05:52:07Z">
          <reporter-output>
          </reporter-output>
        </test-method> <!-- bm -->
        <test-method status="PASS" signature="loginInvalid()[pri:3, instance:madision.Runner@754ba872]" name="loginInvalid" duration-ms="1025" started-at="2021-08-24T05:52:07Z" finished-at="2021-08-24T05:52:08Z">
          <reporter-output>
          </reporter-output>
        </test-method> <!-- loginInvalid -->
        <test-method status="PASS" signature="bm()[pri:0, instance:madision.Runner@754ba872]" name="bm" is-config="true" duration-ms="233" started-at="2021-08-24T05:52:08Z" finished-at="2021-08-24T05:52:09Z">
          <reporter-output>
          </reporter-output>
        </test-method> <!-- bm -->
        <test-method status="PASS" signature="forgotPass()[pri:4, instance:madision.Runner@754ba872]" name="forgotPass" duration-ms="626" started-at="2021-08-24T05:52:09Z" finished-at="2021-08-24T05:52:09Z">
          <reporter-output>
          </reporter-output>
        </test-method> <!-- forgotPass -->
        <test-method status="PASS" signature="afterTest()[pri:0, instance:madision.Runner@754ba872]" name="afterTest" is-config="true" duration-ms="2761" started-at="2021-08-24T05:52:09Z" finished-at="2021-08-24T05:52:12Z">
          <reporter-output>
          </reporter-output>
        </test-method> <!-- afterTest -->
      </class> <!-- madision.Runner -->
    </test> <!-- Default test -->
  </suite> <!-- Default suite -->
</testng-results>
